CF1394229600000_CEM_CC04: RaceResultStart.getWinnerHorses empty
CF1394229600000_CEM_CC05: RaceResultStart.getWinnerHorses empty
CF1394229600000_CEM_CC06: RaceResultStart.getWinnerHorses empty
CF1394229600000_CEM_CC07: RaceResultStart.getWinnerHorses empty
CF1394229600000_CEM_CC08: RaceResultStart.getWinnerHorses empty
CF1394229600000_CEM_CC09: RaceResultStart.getWinnerHorses empty
CF1394229600000_CEM_CC10: RaceResultStart.getWinnerHorses empty
CF1394229600000_CEM_CC11: RaceResultStart.getWinnerHorses empty
CF1394229600000_CEM_CC12: RaceResultStart.getWinnerHorses empty
CF1394229600000_CEM_CC13: RaceResultStart.getWinnerHorses empty
CF1416520800000_CETK_CC06: RaceResultStart.getWinnerHorses empty
CF1416520800000_CETK_CC07: RaceResultStart.getWinnerHorses empty
CF1416520800000_CETK_CC08: RaceResultStart.getWinnerHorses empty
CF1416520800000_CETK_CC09: RaceResultStart.getWinnerHorses empty
CF1416520800000_CETK_CC10: RaceResultStart.getWinnerHorses empty
CF1416520800000_CETK_CC11: RaceResultStart.getWinnerHorses empty
No substarts were fetched - CF1434402000000_CEO_CC01_01
No substarts were fetched - CF1434402000000_CEO_CC01_10
No substarts were fetched - CF1434402000000_CEO_CC01_11
No substarts were fetched - CF1434402000000_CEO_CC01_12
No substarts were fetched - CF1434402000000_CEO_CC01_14
No substarts were fetched - CF1434402000000_CEO_CC01_02
No substarts were fetched - CF1434402000000_CEO_CC01_03
No substarts were fetched - CF1434402000000_CEO_CC01_04
No substarts were fetched - CF1434402000000_CEO_CC01_05
No substarts were fetched - CF1434402000000_CEO_CC01_06
No substarts were fetched - CF1434402000000_CEO_CC01_07
No substarts were fetched - CF1434402000000_CEO_CC01_09
No substarts were fetched - CF1434402000000_CEO_CC06_11
No substarts were fetched - CF1434402000000_CEO_CC07_07
No substarts were fetched - CF1434488400000_CEH_CC01_09
No substarts were fetched - CF1434488400000_CEH_CC06_03
No substarts were fetched - CF1434488400000_CEH_CC08_05
No substarts were fetched - CF1434488400000_CES_CC01_02
No substarts were fetched - CF1434488400000_CES_CC01_03
No substarts were fetched - CF1434488400000_CES_CC02_10
No substarts were fetched - CF1434488400000_CES_CC02_12
No substarts were fetched - CF1434488400000_CES_CC02_04
No substarts were fetched - CF1434488400000_CES_CC02_09
No substarts were fetched - CF1434574800000_CEK_CC01_02
No substarts were fetched - CF1434574800000_CEK_CC11_01
No substarts were fetched - CF1434574800000_CEK_CC11_02
No substarts were fetched - CF1434574800000_CEK_CC11_03
No substarts were fetched - CF1434574800000_CEK_CC11_05
No substarts were fetched - CF1434574800000_CEK_CC11_06
No substarts were fetched - CF1434574800000_CEK_CC11_07
No substarts were fetched - CF1434574800000_CEK_CC11_08
No substarts were fetched - CF1434574800000_CEK_CC11_09
No substarts were fetched - CF1434747600000_CEKL_CC01_02
No substarts were fetched - CF1434747600000_CEKL_CC08_03
No substarts were fetched - CF1434747600000_CEKM_CC02_10
No substarts were fetched - CF1434747600000_CEKM_CC02_11
No substarts were fetched - CF1434747600000_CEKM_CC02_12
No substarts were fetched - CF1434747600000_CEKM_CC02_03
No substarts were fetched - CF1434747600000_CEKM_CC02_05
No substarts were fetched - CF1434747600000_CEKM_CC02_07
No substarts were fetched - CF1434747600000_CEKM_CC02_08
No substarts were fetched - CF1434747600000_CEKM_CC02_09
No substarts were fetched - CF1434834000000_CEKA_CC02_06
No substarts were fetched - CF1434834000000_CEKA_CC02_08
No substarts were fetched - CF1434834000000_CEKA_CC02_09
No substarts were fetched - CF1434834000000_CEKA_CC03_01
No substarts were fetched - CF1434834000000_CEKA_CC03_02
No substarts were fetched - CF1434834000000_CEKA_CC03_04
No substarts were fetched - CF1434834000000_CEKA_CC03_05
No substarts were fetched - CF1434834000000_CEKA_CC03_06
No substarts were fetched - CF1434834000000_CEKA_CC03_07
No substarts were fetched - CF1434834000000_CERO_CC11_09
No substarts were fetched - CF1434834000000_CERO_CC13_03
No substarts were fetched - CF1435006800000_CEKJ_CC01_07
No substarts were fetched - CF1435006800000_CEKJ_CC01_08
No substarts were fetched - CF1435006800000_CEKJ_CC03_03
No substarts were fetched - CF1435006800000_CELA_CC02_05
No substarts were fetched - CF1435093200000_CEH_CC01_10
No substarts were fetched - CF1435093200000_CEH_CC01_11
No substarts were fetched - CF1435093200000_CEH_CC01_12
No substarts were fetched - CF1435093200000_CEH_CC01_06
No substarts were fetched - CF1435093200000_CEH_CC01_07
No substarts were fetched - CF1435093200000_CEH_CC01_08
No substarts were fetched - CF1435093200000_CEJ_CC03_03
No substarts were fetched - CF1435093200000_CEJ_CC04_03
No substarts were fetched - CF1435179600000_CEL_CC02_11
No substarts were fetched - CF1435179600000_CEL_CC02_07
No substarts were fetched - CF1435179600000_CEL_CC08_08
No substarts were fetched - CF1435179600000_CEL_CC09_01
No substarts were fetched - CF1435266000000_CEKU_CC01_01
No substarts were fetched - CF1435266000000_CEKU_CC01_07
No substarts were fetched - CF1435266000000_CEKU_CC02_04
No substarts were fetched - CF1435266000000_CEKU_CC02_05
No substarts were fetched - CF1435266000000_CEKU_CC02_06
No substarts were fetched - CF1435266000000_CEKU_CC02_08
No substarts were fetched - CF1435266000000_CEO_CC01_03
No substarts were fetched - CF1435266000000_CEO_CC01_04
No substarts were fetched - CF1435266000000_CEO_CC01_06
No substarts were fetched - CF1435266000000_CEO_CC01_08
No substarts were fetched - CF1435352400000_CEK_CC03_03
No substarts were fetched - CF1435352400000_CEK_CC05_12
No substarts were fetched - CF1435352400000_CEK_CC08_03
No substarts were fetched - CF1435352400000_CEK_CC09_02
No substarts were fetched - CF1435352400000_CEK_CC10_01
No substarts were fetched - CF1435352400000_CEK_CC10_10
No substarts were fetched - CF1435352400000_CEK_CC10_09
No substarts were fetched - CF1435352400000_CESO_CC01_02
No substarts were fetched - CF1435352400000_CESO_CC01_03
No substarts were fetched - CF1435352400000_CESO_CC04_01
No substarts were fetched - CF1435352400000_CESO_CC04_02
No substarts were fetched - CF1435352400000_CESO_CC04_03
No substarts were fetched - CF1435352400000_CESO_CC04_04
No substarts were fetched - CF1435352400000_CESO_CC04_05
No substarts were fetched - CF1435352400000_CESO_CC07_08
No substarts were fetched - CF1435352400000_CESO_CC08_03
No substarts were fetched - CF1435438800000_CER_CC02_03
No substarts were fetched - CF1435438800000_CER_CC02_04
No substarts were fetched - CF1435438800000_CER_CC08_08
No substarts were fetched - CF1435438800000_CER_CC11_08
No substarts were fetched - CF1435525200000_CEKT_CC03_02
No substarts were fetched - CF1435525200000_CEKT_CC03_04
No substarts were fetched - CF1435525200000_CEKT_CC03_07
No substarts were fetched - CF1435525200000_CELI_CC01_01
No substarts were fetched - CF1435525200000_CELI_CC01_03
No substarts were fetched - CF1435525200000_CELI_CC01_04
No substarts were fetched - CF1435525200000_CELI_CC02_01
No substarts were fetched - CF1435525200000_CELI_CC02_13
No substarts were fetched - CF1435525200000_CELI_CC02_02
No substarts were fetched - CF1435525200000_CELI_CC02_03
No substarts were fetched - CF1435525200000_CELI_CC02_04
No substarts were fetched - CF1435525200000_CELI_CC02_05
No substarts were fetched - CF1435525200000_CELI_CC02_06
No substarts were fetched - CF1435525200000_CELI_CC02_07
No substarts were fetched - CF1435525200000_CELI_CC02_08
No substarts were fetched - CF1435611600000_CET_CC01_01
No substarts were fetched - CF1435698000000_CEH_CC01_06
No substarts were fetched - CF1435698000000_CEHS_CC01_03
No substarts were fetched - CF1435698000000_CEHS_CC01_04
No substarts were fetched - CF1435698000000_CEHS_CC01_05
No substarts were fetched - CF1435698000000_CEHS_CC03_01
No substarts were fetched - CF1435698000000_CEHS_CC03_13
No substarts were fetched - CF1435698000000_CEHS_CC03_02
No substarts were fetched - CF1435698000000_CEHS_CC03_03
No substarts were fetched - CF1435698000000_CEHS_CC03_04
No substarts were fetched - CF1435698000000_CEHS_CC03_09
No substarts were fetched - CF1435698000000_CEHS_CC04_07
No substarts were fetched - CF1435698000000_CEHS_CC06_09
No substarts were fetched - CF1435698000000_CEV_CC01_02
No substarts were fetched - CF1435698000000_CEV_CC01_05
No substarts were fetched - CF1435698000000_CEV_CC01_06
No substarts were fetched - CF1435698000000_CEV_CC02_05
No substarts were fetched - CF1435784400000_CEMA_CC01_01
No substarts were fetched - CF1435784400000_CEMA_CC01_04
No substarts were fetched - CF1435784400000_CEMA_CC01_05
No substarts were fetched - CF1435784400000_CEMA_CC01_07
No substarts were fetched - CF1435784400000_CEMA_CC02_01
No substarts were fetched - CF1435784400000_CEMA_CC02_03
No substarts were fetched - CF1435784400000_CEMA_CC03_10
No substarts were fetched - CF1435784400000_CEMA_CC03_07
No substarts were fetched - CF1435784400000_CEMA_CC03_09
No substarts were fetched - CF1435784400000_CEMA_CC04_01
No substarts were fetched - CF1435784400000_CEMA_CC04_02
No substarts were fetched - CF1435784400000_CEMA_CC04_04
No substarts were fetched - CF1435784400000_CEMA_CC05_02
No substarts were fetched - CF1435784400000_CEMA_CC05_08
No substarts were fetched - CF1435784400000_CEMA_CC06_08
No substarts were fetched - CF1435784400000_CEMA_CC06_09
No substarts were fetched - CF1435784400000_CEMA_CC07_01
No substarts were fetched - CF1435784400000_CEMA_CC07_04
No substarts were fetched - CF1435784400000_CEMA_CC08_01
No substarts were fetched - CF1435784400000_CEMA_CC08_04
No substarts were fetched - CF1435784400000_CEMA_CC08_09
No substarts were fetched - CF1435784400000_CEMA_CC09_01
No substarts were fetched - CF1435784400000_CEMA_CC09_02
No substarts were fetched - CF1435784400000_CEMA_CC09_05
No substarts were fetched - CF1435784400000_CEMA_CC10_04
No substarts were fetched - CF1435870800000_CEF_CC01_01
No substarts were fetched - CF1435870800000_CEF_CC01_11
No substarts were fetched - CF1435870800000_CEF_CC01_12
No substarts were fetched - CF1435870800000_CEF_CC01_04
No substarts were fetched - CF1435870800000_CEF_CC01_06
No substarts were fetched - CF1435870800000_CEF_CC01_08
No substarts were fetched - CF1435870800000_CEF_CC01_09
No substarts were fetched - CF1435870800000_CEF_CC09_08
No substarts were fetched - CF1435870800000_CEL_CC03_05
No substarts were fetched - CF1435870800000_CEVI_CC02_08
No substarts were fetched - CF1435870800000_CEVI_CC02_09
No substarts were fetched - CF1435957200000_CEL_CC04_06
No substarts were fetched - CF1435957200000_CEL_CC05_16
No substarts were fetched - CF1435957200000_CEL_CC05_06
No substarts were fetched - CF1436043600000_CEHL_CC01_01
No substarts were fetched - CF1436043600000_CEHL_CC01_10
No substarts were fetched - CF1436043600000_CEHL_CC01_14
No substarts were fetched - CF1436043600000_CEHL_CC01_02
No substarts were fetched - CF1436043600000_CEHL_CC01_03
No substarts were fetched - CF1436043600000_CEHL_CC01_04
No substarts were fetched - CF1436043600000_CEHL_CC01_09
No substarts were fetched - CF1436043600000_CEHL_CC06_11
No substarts were fetched - CF1436043600000_CEHL_CC10_01
No substarts were fetched - CF1436043600000_CEHL_CC10_02
No substarts were fetched - CF1436043600000_CEHL_CC10_03
No substarts were fetched - CF1436043600000_CEHL_CC10_07
No substarts were fetched - CF1436043600000_CEL_CC07_10
No substarts were fetched - CF1436130000000_CEJO_CC02_01
No substarts were fetched - CF1436130000000_CEJO_CC11_08
No substarts were fetched - CF1436130000000_CELO_CC01_02
No substarts were fetched - CF1436130000000_CELO_CC01_05
No substarts were fetched - CF1436130000000_CELO_CC01_06
No substarts were fetched - CF1436130000000_CELO_CC02_01
No substarts were fetched - CF1436130000000_CELO_CC02_11
No substarts were fetched - CF1436130000000_CELO_CC02_12
No substarts were fetched - CF1436130000000_CELO_CC02_02
No substarts were fetched - CF1436130000000_CELO_CC02_04
No substarts were fetched - CF1436130000000_CELO_CC02_09
No substarts were fetched - CF1436130000000_CELO_CC07_01
No substarts were fetched - CF1436216400000_CET_CC01_04
No substarts were fetched - CF1436216400000_CET_CC01_08
No substarts were fetched - CF1436216400000_CET_CC02_03
No substarts were fetched - CF1436216400000_CET_CC02_05
No substarts were fetched - CF1436302800000_CEH_CC01_01
No substarts were fetched - CF1436302800000_CEH_CC01_10
No substarts were fetched - CF1436302800000_CEH_CC01_02
No substarts were fetched - CF1436302800000_CEH_CC01_03
No substarts were fetched - CF1436302800000_CEH_CC01_06
No substarts were fetched - CF1436302800000_CEH_CC06_09
No substarts were fetched - CF1436302800000_CEH_CC09_10
No substarts were fetched - CF1436302800000_CELA_CC01_03
No substarts were fetched - CF1436302800000_CELA_CC01_07
No substarts were fetched - CF1436389200000_CEKJ_CC01_02
No substarts were fetched - CF1436389200000_CEKJ_CC01_03
No substarts were fetched - CF1436389200000_CEKJ_CC01_05
No substarts were fetched - CF1436389200000_CEKJ_CC01_06
No substarts were fetched - CF1436389200000_CEKJ_CC01_07
No substarts were fetched - CF1436389200000_CEKJ_CC02_01
No substarts were fetched - CF1436389200000_CEKJ_CC06_09
No substarts were fetched - CF1436389200000_CEKJ_CC07_06
No substarts were fetched - CF1436389200000_CES_CC01_01
No substarts were fetched - CF1436389200000_CES_CC01_03
No substarts were fetched - CF1436389200000_CES_CC01_04
No substarts were fetched - CF1436389200000_CES_CC01_05
No substarts were fetched - CF1436389200000_CES_CC01_06
No substarts were fetched - CF1436389200000_CES_CC02_01
No substarts were fetched - CF1436389200000_CES_CC02_10
No substarts were fetched - CF1436389200000_CES_CC02_04
No substarts were fetched - CF1436389200000_CES_CC02_05
No substarts were fetched - CF1436389200000_CES_CC02_06
No substarts were fetched - CF1436389200000_CES_CC08_11
No substarts were fetched - CF1436389200000_CES_CC08_12
No substarts were fetched - CF1436389200000_CES_CC08_04
No substarts were fetched - CF1436389200000_CES_CC08_07
No substarts were fetched - CF1436475600000_CEH_CC06_10
No substarts were fetched - CF1436475600000_CEH_CC06_04
No substarts were fetched - CF1436475600000_CEH_CC06_06
No substarts were fetched - CF1436475600000_CEH_CC06_09
No substarts were fetched - CF1436475600000_CEKT_CC02_12
No substarts were fetched - CF1436475600000_CEKT_CC02_04
No substarts were fetched - CF1436475600000_CEKT_CC11_11
No substarts were fetched - CF1436475600000_CEKT_CC11_12
No substarts were fetched - CF1436475600000_CEKT_CC11_09
No substarts were fetched - CF1436475600000_CESU_CC02_02
No substarts were fetched - CF1436475600000_CESU_CC02_03
No substarts were fetched - CF1436475600000_CESU_CC03_04
No substarts were fetched - CF1436475600000_CESU_CC08_02
No substarts were fetched - CF1436475600000_CESU_CC08_07
No substarts were fetched - CF1436475600000_CESU_CC09_01
No substarts were fetched - CF1436562000000_CEJM_CC01_05
No substarts were fetched - CF1436562000000_CEJM_CC01_06
No substarts were fetched - CF1436562000000_CEJM_CC04_02
No substarts were fetched - CF1436562000000_CEJM_CC06_06
No substarts were fetched - CF1436562000000_CEJM_CC07_05
No substarts were fetched - CF1436562000000_CEJM_CC08_01
No substarts were fetched - CF1436562000000_CEJM_CC08_02
No substarts were fetched - CF1436562000000_CEJM_CC08_03
No substarts were fetched - CF1436562000000_CEJM_CC08_04
No substarts were fetched - CF1436562000000_CEJM_CC08_07
No substarts were fetched - CF1436562000000_CEJM_CC08_08
No substarts were fetched - CF1436562000000_CEJM_CC10_14
No substarts were fetched - CF1436562000000_CEJM_CC10_03
No substarts were fetched - CF1436562000000_CEJM_CC10_04
No substarts were fetched - CF1436562000000_CEJM_CC10_06
No substarts were fetched - CF1436562000000_CEKT_CC05_05
No substarts were fetched - CF1436562000000_CEKT_CC09_07
No substarts were fetched - CF1436562000000_CEKT_CC12_01
No substarts were fetched - CF1436562000000_CEKT_CC12_14
No substarts were fetched - CF1436562000000_CEKT_CC12_07
CF1508187600000_CET_CC02: RaceResultStart.getWinnerHorses empty
CF1508187600000_CET_CC03: RaceResultStart.getWinnerHorses empty
CF1508187600000_CET_CC04: RaceResultStart.getWinnerHorses empty
CF1508187600000_CET_CC05: RaceResultStart.getWinnerHorses empty
CF1508187600000_CET_CC06: RaceResultStart.getWinnerHorses empty
CF1508187600000_CET_CC07: RaceResultStart.getWinnerHorses empty
CF1508187600000_CET_CC08: RaceResultStart.getWinnerHorses empty
CF1508187600000_CET_CC09: RaceResultStart.getWinnerHorses empty
CF1508187600000_CET_CC10: RaceResultStart.getWinnerHorses empty
No substarts were fetched - CF1570914000000_CEKT_CC08_03
RaceResultStartParser.parseNumber - Unrecognizable horse race: Yhdistetty
RaceProgramStartParser.parseNumber - Unrecognizable horse race: Yhdistetty
Could not find getDam. raceProgramHorse.dam of zero length: CF1624654800000_CEHR_CC09_04
Could not find getSireOfDam. raceProgramHorse.sireOfDam of zero length: CF1624654800000_CEHR_CC09_04
Hits:   24.01%
Profit: -4675.2/46213 = -0.10€/startti

